Base path: /Applications/Unity/Unity.app/Contents
Pipe name: \\.\pipe\UnityShaderCompiler-2--1335074816
Cmd: getPlatforms
Cmd: compileSnippet
  api=1 type=0 insize=4722 outsize=621 kw=DIRECTIONAL SHADOWS_OFF LIGHTMAP_OFF DIRLIGHTMAP_OFF ok=1
Cmd: compileSnippet
  api=1 type=0 insize=4722 outsize=745 kw=DIRECTIONAL SHADOWS_SCREEN LIGHTMAP_OFF DIRLIGHTMAP_OFF ok=1
Cmd: compileSnippet
  api=0 type=0 insize=4722 outsize=1590 kw=DIRECTIONAL SHADOWS_OFF LIGHTMAP_OFF DIRLIGHTMAP_OFF VERTEXLIGHT_ON ok=1
Cmd: compileSnippet
  api=1 type=0 insize=4722 outsize=1160 kw=DIRECTIONAL SHADOWS_OFF LIGHTMAP_OFF DIRLIGHTMAP_OFF VERTEXLIGHT_ON ok=1
Cmd: compileSnippet
  api=8 type=0 insize=4722 outsize=6508 kw=DIRECTIONAL SHADOWS_OFF LIGHTMAP_OFF DIRLIGHTMAP_OFF VERTEXLIGHT_ON ok=1
Cmd: compileSnippet
  api=4 type=0 insize=4722 outsize=4646 kw=DIRECTIONAL SHADOWS_SCREEN LIGHTMAP_OFF DIRLIGHTMAP_OFF VERTEXLIGHT_ON ok=1
Cmd: compileSnippet
  api=1 type=1 insize=4722 outsize=477 kw=DIRECTIONAL SHADOWS_OFF LIGHTMAP_OFF DIRLIGHTMAP_OFF ok=1
Cmd: compileSnippet
  api=8 type=1 insize=4722 outsize=2324 kw=DIRECTIONAL SHADOWS_OFF LIGHTMAP_OFF DIRLIGHTMAP_OFF ok=1
Cmd: compileSnippet
  api=4 type=1 insize=4722 outsize=1827 kw=DIRECTIONAL SHADOWS_SCREEN LIGHTMAP_OFF DIRLIGHTMAP_OFF ok=1
Cmd: compileSnippet
  api=1 type=0 insize=2310 outsize=358 kw=POINT ok=1
Cmd: compileSnippet
  api=1 type=0 insize=2310 outsize=279 kw=DIRECTIONAL ok=1
Cmd: compileSnippet
  api=4 type=0 insize=2310 outsize=2119 kw=DIRECTIONAL ok=1
Cmd: compileSnippet
  api=8 type=0 insize=2310 outsize=2998 kw=DIRECTIONAL ok=1
Cmd: compileSnippet
  api=1 type=0 insize=2310 outsize=377 kw=SPOT ok=1
Cmd: compileSnippet
  api=8 type=0 insize=2310 outsize=4087 kw=SPOT ok=1
Cmd: compileSnippet
  api=4 type=0 insize=2310 outsize=2867 kw=POINT_COOKIE ok=1
Cmd: compileSnippet
  api=8 type=0 insize=2310 outsize=4087 kw=POINT_COOKIE ok=1
Cmd: compileSnippet
  api=4 type=0 insize=2310 outsize=2842 kw=DIRECTIONAL_COOKIE ok=1
Cmd: compileSnippet
  api=8 type=0 insize=2310 outsize=4055 kw=DIRECTIONAL_COOKIE ok=1
Cmd: compileSnippet
  api=1 type=1 insize=2310 outsize=600 kw=POINT ok=1
Cmd: compileSnippet
  api=1 type=1 insize=2310 outsize=463 kw=DIRECTIONAL ok=1
Cmd: compileSnippet
  api=4 type=1 insize=2310 outsize=1534 kw=DIRECTIONAL ok=1
Cmd: compileSnippet
  api=0 type=1 insize=2310 outsize=940 kw=SPOT ok=1
Cmd: compileSnippet
  api=1 type=1 insize=2310 outsize=767 kw=SPOT ok=1
Cmd: compileSnippet
  api=8 type=1 insize=2310 outsize=3592 kw=SPOT ok=1
Cmd: compileSnippet
  api=8 type=1 insize=2310 outsize=3153 kw=POINT_COOKIE ok=1
Cmd: compileSnippet
  api=4 type=1 insize=2310 outsize=1794 kw=DIRECTIONAL_COOKIE ok=1
Cmd: compileSnippet
  api=1 type=0 insize=1811 outsize=190 kw= ok=1
Cmd: compileSnippet
  api=1 type=1 insize=1811 outsize=109 kw= ok=1
Cmd: compileSnippet
  api=8 type=1 insize=1811 outsize=983 kw= ok=1
Cmd: compileSnippet
  api=1 type=0 insize=4155 outsize=592 kw=LIGHTMAP_OFF DIRLIGHTMAP_OFF HDR_LIGHT_PREPASS_OFF ok=1
Cmd: compileSnippet
  api=0 type=0 insize=4155 outsize=839 kw=LIGHTMAP_OFF DIRLIGHTMAP_OFF HDR_LIGHT_PREPASS_ON ok=1
Cmd: compileSnippet
  api=4 type=0 insize=4155 outsize=2663 kw=LIGHTMAP_OFF DIRLIGHTMAP_OFF HDR_LIGHT_PREPASS_ON ok=1
Cmd: compileSnippet
  api=8 type=0 insize=4155 outsize=3933 kw=LIGHTMAP_OFF DIRLIGHTMAP_OFF HDR_LIGHT_PREPASS_ON ok=1
Cmd: compileSnippet
  api=1 type=1 insize=4155 outsize=233 kw=LIGHTMAP_OFF DIRLIGHTMAP_OFF HDR_LIGHT_PREPASS_OFF ok=1
Cmd: compileSnippet
  api=8 type=1 insize=4155 outsize=1658 kw=LIGHTMAP_OFF DIRLIGHTMAP_OFF HDR_LIGHT_PREPASS_OFF ok=1
Cmd: compileSnippet
  api=4 type=1 insize=4155 outsize=1022 kw=LIGHTMAP_OFF DIRLIGHTMAP_OFF HDR_LIGHT_PREPASS_ON ok=1
End of pipe

Quitting shader compiler process
